Determining if the pthread_create exist failed with the following output:
Change Dir: /home/neil/Workspace/self-driving-golf-cart/ros/src/cmake-build-debug/CMakeFiles/CMakeTmp

Run Build Command(s):/usr/bin/make cmTC_b8f3a/fast 
/usr/bin/make -f CMakeFiles/cmTC_b8f3a.dir/build.make CMakeFiles/cmTC_b8f3a.dir/build
make[1]: Entering directory '/home/neil/Workspace/self-driving-golf-cart/ros/src/cmake-build-debug/CMakeFiles/CMakeTmp'
Building C object CMakeFiles/cmTC_b8f3a.dir/CheckSymbolExists.c.o
/usr/bin/cc    -o CMakeFiles/cmTC_b8f3a.dir/CheckSymbolExists.c.o   -c /home/neil/Workspace/self-driving-golf-cart/ros/src/cmake-build-debug/CMakeFiles/CMakeTmp/CheckSymbolExists.c
Linking C executable cmTC_b8f3a
/home/neil/snap/clion-2019.1/bin/cmake/linux/bin/cmake -E cmake_link_script CMakeFiles/cmTC_b8f3a.dir/link.txt --verbose=1
/usr/bin/cc      -rdynamic CMakeFiles/cmTC_b8f3a.dir/CheckSymbolExists.c.o  -o cmTC_b8f3a 
CMakeFiles/cmTC_b8f3a.dir/CheckSymbolExists.c.o: In function `main':
CheckSymbolExists.c:(.text+0x1b): undefined reference to `pthread_create'
collect2: error: ld returned 1 exit status
CMakeFiles/cmTC_b8f3a.dir/build.make:86: recipe for target 'cmTC_b8f3a' failed
make[1]: *** [cmTC_b8f3a] Error 1
make[1]: Leaving directory '/home/neil/Workspace/self-driving-golf-cart/ros/src/cmake-build-debug/CMakeFiles/CMakeTmp'
Makefile:121: recipe for target 'cmTC_b8f3a/fast' failed
make: *** [cmTC_b8f3a/fast] Error 2

File /home/neil/Workspace/self-driving-golf-cart/ros/src/cmake-build-debug/CMakeFiles/CMakeTmp/CheckSymbolExists.c:
/* */
#include <pthread.h>

int main(int argc, char** argv)
{
  (void)argv;
#ifndef pthread_create
  return ((int*)(&pthread_create))[argc];
#else
  (void)argc;
  return 0;
#endif
}

Determining if the function pthread_create exists in the pthreads failed with the following output:
Change Dir: /home/neil/Workspace/self-driving-golf-cart/ros/src/cmake-build-debug/CMakeFiles/CMakeTmp

Run Build Command(s):/usr/bin/make cmTC_82513/fast 
/usr/bin/make -f CMakeFiles/cmTC_82513.dir/build.make CMakeFiles/cmTC_82513.dir/build
make[1]: Entering directory '/home/neil/Workspace/self-driving-golf-cart/ros/src/cmake-build-debug/CMakeFiles/CMakeTmp'
Building C object CMakeFiles/cmTC_82513.dir/CheckFunctionExists.c.o
/usr/bin/cc   -DCHECK_FUNCTION_EXISTS=pthread_create   -o CMakeFiles/cmTC_82513.dir/CheckFunctionExists.c.o   -c /home/neil/snap/clion-2019.1/bin/cmake/linux/share/cmake-3.14/Modules/CheckFunctionExists.c
Linking C executable cmTC_82513
/home/neil/snap/clion-2019.1/bin/cmake/linux/bin/cmake -E cmake_link_script CMakeFiles/cmTC_82513.dir/link.txt --verbose=1
/usr/bin/cc  -DCHECK_FUNCTION_EXISTS=pthread_create    -rdynamic CMakeFiles/cmTC_82513.dir/CheckFunctionExists.c.o  -o cmTC_82513 -lpthreads 
/usr/bin/ld: cannot find -lpthreads
collect2: error: ld returned 1 exit status
CMakeFiles/cmTC_82513.dir/build.make:86: recipe for target 'cmTC_82513' failed
make[1]: *** [cmTC_82513] Error 1
make[1]: Leaving directory '/home/neil/Workspace/self-driving-golf-cart/ros/src/cmake-build-debug/CMakeFiles/CMakeTmp'
Makefile:121: recipe for target 'cmTC_82513/fast' failed
make: *** [cmTC_82513/fast] Error 2


Determining if the function sgemm_ exists failed with the following output:
Change Dir: /home/neil/Workspace/self-driving-golf-cart/ros/src/cmake-build-debug/CMakeFiles/CMakeTmp

Run Build Command(s):/usr/bin/make cmTC_bdb3f/fast 
/usr/bin/make -f CMakeFiles/cmTC_bdb3f.dir/build.make CMakeFiles/cmTC_bdb3f.dir/build
make[1]: Entering directory '/home/neil/Workspace/self-driving-golf-cart/ros/src/cmake-build-debug/CMakeFiles/CMakeTmp'
Building C object CMakeFiles/cmTC_bdb3f.dir/CheckFunctionExists.c.o
/usr/bin/cc   -DCHECK_FUNCTION_EXISTS=sgemm_   -o CMakeFiles/cmTC_bdb3f.dir/CheckFunctionExists.c.o   -c /home/neil/snap/clion-2019.1/bin/cmake/linux/share/cmake-3.14/Modules/CheckFunctionExists.c
Linking C executable cmTC_bdb3f
/home/neil/snap/clion-2019.1/bin/cmake/linux/bin/cmake -E cmake_link_script CMakeFiles/cmTC_bdb3f.dir/link.txt --verbose=1
/usr/bin/cc  -DCHECK_FUNCTION_EXISTS=sgemm_    -rdynamic CMakeFiles/cmTC_bdb3f.dir/CheckFunctionExists.c.o  -o cmTC_bdb3f 
CMakeFiles/cmTC_bdb3f.dir/CheckFunctionExists.c.o: In function `main':
CheckFunctionExists.c:(.text+0x10): undefined reference to `sgemm_'
collect2: error: ld returned 1 exit status
CMakeFiles/cmTC_bdb3f.dir/build.make:86: recipe for target 'cmTC_bdb3f' failed
make[1]: *** [cmTC_bdb3f] Error 1
make[1]: Leaving directory '/home/neil/Workspace/self-driving-golf-cart/ros/src/cmake-build-debug/CMakeFiles/CMakeTmp'
Makefile:121: recipe for target 'cmTC_bdb3f/fast' failed
make: *** [cmTC_bdb3f/fast] Error 2


Performing C SOURCE FILE Test CMAKE_HAVE_LIBC_PTHREAD failed with the following output:
Change Dir: /home/neil/Workspace/self-driving-golf-cart/ros/src/cmake-build-debug/CMakeFiles/CMakeTmp

Run Build Command(s):/usr/bin/make cmTC_d07b0/fast && /usr/bin/make -f CMakeFiles/cmTC_d07b0.dir/build.make CMakeFiles/cmTC_d07b0.dir/build
make[1]: Entering directory '/home/neil/Workspace/self-driving-golf-cart/ros/src/cmake-build-debug/CMakeFiles/CMakeTmp'
Building C object CMakeFiles/cmTC_d07b0.dir/src.c.o
/usr/bin/cc   -DCMAKE_HAVE_LIBC_PTHREAD   -o CMakeFiles/cmTC_d07b0.dir/src.c.o   -c /home/neil/Workspace/self-driving-golf-cart/ros/src/cmake-build-debug/CMakeFiles/CMakeTmp/src.c
Linking C executable cmTC_d07b0
/home/neil/snap/clion-2019.1/bin/cmake/linux/bin/cmake -E cmake_link_script CMakeFiles/cmTC_d07b0.dir/link.txt --verbose=1
/usr/bin/cc  -DCMAKE_HAVE_LIBC_PTHREAD    -rdynamic CMakeFiles/cmTC_d07b0.dir/src.c.o  -o cmTC_d07b0 
CMakeFiles/cmTC_d07b0.dir/src.c.o: In function `main':
src.c:(.text+0x3e): undefined reference to `pthread_create'
src.c:(.text+0x4a): undefined reference to `pthread_detach'
src.c:(.text+0x5b): undefined reference to `pthread_join'
src.c:(.text+0x6f): undefined reference to `pthread_atfork'
collect2: error: ld returned 1 exit status
CMakeFiles/cmTC_d07b0.dir/build.make:86: recipe for target 'cmTC_d07b0' failed
make[1]: *** [cmTC_d07b0] Error 1
make[1]: Leaving directory '/home/neil/Workspace/self-driving-golf-cart/ros/src/cmake-build-debug/CMakeFiles/CMakeTmp'
Makefile:121: recipe for target 'cmTC_d07b0/fast' failed
make: *** [cmTC_d07b0/fast] Error 2


Source file was:
#include <pthread.h>

void* test_func(void* data)
{
  return data;
}

int main(void)
{
  pthread_t thread;
  pthread_create(&thread, NULL, test_func, NULL);
  pthread_detach(thread);
  pthread_join(thread, NULL);
  pthread_atfork(NULL, NULL, NULL);
  pthread_exit(NULL);

  return 0;
}

