Determining if the pthread_create exist failed with the following output:
Change Dir: /home/neil/Workspace/self-driving-golf-cart/build/CMakeFiles/CMakeTmp

Run Build Command:"/usr/bin/make" "cmTC_95a40/fast"
/usr/bin/make -f CMakeFiles/cmTC_95a40.dir/build.make CMakeFiles/cmTC_95a40.dir/build
make[1]: Entering directory '/home/neil/Workspace/self-driving-golf-cart/build/CMakeFiles/CMakeTmp'
Building C object CMakeFiles/cmTC_95a40.dir/CheckSymbolExists.c.o
/usr/bin/cc     -o CMakeFiles/cmTC_95a40.dir/CheckSymbolExists.c.o   -c /home/neil/Workspace/self-driving-golf-cart/build/CMakeFiles/CMakeTmp/CheckSymbolExists.c
Linking C executable cmTC_95a40
/usr/bin/cmake -E cmake_link_script CMakeFiles/cmTC_95a40.dir/link.txt --verbose=1
/usr/bin/cc       CMakeFiles/cmTC_95a40.dir/CheckSymbolExists.c.o  -o cmTC_95a40 -rdynamic 
CMakeFiles/cmTC_95a40.dir/CheckSymbolExists.c.o: In function `main':
CheckSymbolExists.c:(.text+0x16): undefined reference to `pthread_create'
collect2: error: ld returned 1 exit status
CMakeFiles/cmTC_95a40.dir/build.make:97: recipe for target 'cmTC_95a40' failed
make[1]: *** [cmTC_95a40] Error 1
make[1]: Leaving directory '/home/neil/Workspace/self-driving-golf-cart/build/CMakeFiles/CMakeTmp'
Makefile:126: recipe for target 'cmTC_95a40/fast' failed
make: *** [cmTC_95a40/fast] Error 2

File /home/neil/Workspace/self-driving-golf-cart/build/CMakeFiles/CMakeTmp/CheckSymbolExists.c:
/* */
#include <pthread.h>

int main(int argc, char** argv)
{
  (void)argv;
#ifndef pthread_create
  return ((int*)(&pthread_create))[argc];
#else
  (void)argc;
  return 0;
#endif
}

Determining if the function pthread_create exists in the pthreads failed with the following output:
Change Dir: /home/neil/Workspace/self-driving-golf-cart/build/CMakeFiles/CMakeTmp

Run Build Command:"/usr/bin/make" "cmTC_b18d6/fast"
/usr/bin/make -f CMakeFiles/cmTC_b18d6.dir/build.make CMakeFiles/cmTC_b18d6.dir/build
make[1]: Entering directory '/home/neil/Workspace/self-driving-golf-cart/build/CMakeFiles/CMakeTmp'
Building C object CMakeFiles/cmTC_b18d6.dir/CheckFunctionExists.c.o
/usr/bin/cc    -DCHECK_FUNCTION_EXISTS=pthread_create   -o CMakeFiles/cmTC_b18d6.dir/CheckFunctionExists.c.o   -c /usr/share/cmake-3.5/Modules/CheckFunctionExists.c
Linking C executable cmTC_b18d6
/usr/bin/cmake -E cmake_link_script CMakeFiles/cmTC_b18d6.dir/link.txt --verbose=1
/usr/bin/cc   -DCHECK_FUNCTION_EXISTS=pthread_create    CMakeFiles/cmTC_b18d6.dir/CheckFunctionExists.c.o  -o cmTC_b18d6 -rdynamic -lpthreads 
/usr/bin/ld: cannot find -lpthreads
collect2: error: ld returned 1 exit status
CMakeFiles/cmTC_b18d6.dir/build.make:97: recipe for target 'cmTC_b18d6' failed
make[1]: *** [cmTC_b18d6] Error 1
make[1]: Leaving directory '/home/neil/Workspace/self-driving-golf-cart/build/CMakeFiles/CMakeTmp'
Makefile:126: recipe for target 'cmTC_b18d6/fast' failed
make: *** [cmTC_b18d6/fast] Error 2


